Build started 02.07.2017 10:26:07.
     1>Project "e:\local disk c\visual studio 2010\Projects\2dimenzios tomb2017feladat3per1\2dimenzios tomb2017feladat3per1\2dimenzios tomb2017feladat3per1.vcxproj" on node 2 (build target(s)).
     1>InitializeBuildStatus:
         Creating "Debug\2dimenzios tomb2017feladat3per1.unsuccessfulbuild" because "AlwaysCreate" was specified.
       ClCompile:
         C:\Program Files (x86)\Microsoft Visual Studio 10.0\VC\bin\CL.exe /c /ZI /nologo /W3 /WX- /Od /Oy- /D WIN32 /D _DEBUG /D _CONSOLE /D _UNICODE /D UNICODE /Gm /EHsc /RTC1 /MDd /GS /fp:precise /Zc:wchar_t /Zc:forScope /Fo"Debug\\" /Fd"Debug\vc100.pdb" /Gd /TP /analyze- /errorReport:prompt 2dimenziosTomb.cpp
         2dimenziosTomb.cpp
       ManifestResourceCompile:
         All outputs are up-to-date.
       Link:
         C:\Program Files (x86)\Microsoft Visual Studio 10.0\VC\bin\link.exe /ERRORREPORT:PROMPT /OUT:"e:\local disk c\visual studio 2010\Projects\2dimenzios tomb2017feladat3per1\Debug\2dimenzios tomb2017feladat3per1.exe" /INCREMENTAL /NOLOGO kernel32.lib user32.lib gdi32.lib winspool.lib comdlg32.lib advapi32.lib shell32.lib ole32.lib oleaut32.lib uuid.lib odbc32.lib odbccp32.lib /MANIFEST /ManifestFile:"Debug\2dimenzios tomb2017feladat3per1.exe.intermediate.manifest" /MANIFESTUAC:"level='asInvoker' uiAccess='false'" /DEBUG /PDB:"e:\local disk c\visual studio 2010\Projects\2dimenzios tomb2017feladat3per1\Debug\2dimenzios tomb2017feladat3per1.pdb" /SUBSYSTEM:CONSOLE /TLBID:1 /DYNAMICBASE /NXCOMPAT /IMPLIB:"e:\local disk c\visual studio 2010\Projects\2dimenzios tomb2017feladat3per1\Debug\2dimenzios tomb2017feladat3per1.lib" /MACHINE:X86 "Debug\2dimenzios tomb2017feladat3per1.exe.embed.manifest.res"
         Debug\2dimenziosTomb.obj
       Manifest:
         C:\Program Files (x86)\Microsoft SDKs\Windows\v7.0A\bin\mt.exe /nologo /verbose /out:"Debug\2dimenzios tomb2017feladat3per1.exe.embed.manifest" /manifest "Debug\2dimenzios tomb2017feladat3per1.exe.intermediate.manifest"
         All outputs are up-to-date.
       LinkEmbedManifest:
         All outputs are up-to-date.
         2dimenzios tomb2017feladat3per1.vcxproj -> e:\local disk c\visual studio 2010\Projects\2dimenzios tomb2017feladat3per1\Debug\2dimenzios tomb2017feladat3per1.exe
       FinalizeBuildStatus:
         Deleting file "Debug\2dimenzios tomb2017feladat3per1.unsuccessfulbuild".
         Touching "Debug\2dimenzios tomb2017feladat3per1.lastbuildstate".
     1>Done Building Project "e:\local disk c\visual studio 2010\Projects\2dimenzios tomb2017feladat3per1\2dimenzios tomb2017feladat3per1\2dimenzios tomb2017feladat3per1.vcxproj" (build target(s)).

Build succeeded.

Time Elapsed 00:00:00.93
